<?xml version="1.0" encoding="UTF-8"?>
<!-- Generated by org.testng.reporters.JUnitReportReporter -->
<testsuite hostname="DESKTOP-6H16DD4" failures="0" tests="1" name="runnerFile.TestRunner" time="44.090" errors="0" timestamp="2023-05-07T16:08:14 IST" skipped="0">
  <testcase classname="runnerFile.TestRunner" name="runScenario" time="44.090"/>
  <system-out/>
</testsuite> <!-- runnerFile.TestRunner -->
